This file contains any messages produced by compilers while
running configure, to aid debugging if configure makes a mistake.

It was created by libltdl configure 1.2, which was
generated by GNU Autoconf 2.59.  Invocation command line was

  $ ./configure --prefix=/usr/local --enable-ltdl-convenience --cache-file=/dev/null --srcdir=.

## --------- ##
## Platform. ##
## --------- ##

hostname = patrick
uname -m = i686
uname -r = 2.2.18
uname -s = Linux
uname -v = #1 Fri Jan 19 22:10:35 GMT 2001

/usr/bin/uname -p = unknown
/bin/uname -X     = unknown

/bin/arch              = i686
/usr/bin/arch -k       = unknown
/usr/convex/getsysinfo = unknown
hostinfo               = unknown
/bin/machine           = unknown
/usr/bin/oslevel       = unknown
/bin/universe          = unknown

PATH: /usr/local/bin
PATH: /usr/bin
PATH: /usr/X11R6/bin
PATH: /bin
PATH: /usr/lib/java/bin
PATH: /usr/games/bin
PATH: /usr/games
PATH: /opt/gnome/bin
PATH: /opt/kde2/bin
PATH: /opt/kde/bin
PATH: /usr/openwin/bin
PATH: .


## ----------- ##
## Core tests. ##
## ----------- ##

configure:1580: checking for a BSD-compatible install
configure:1635: result: /usr/bin/install -c
configure:1646: checking whether build environment is sane
configure:1689: result: yes
configure:1754: checking for gawk
configure:1770: found /usr/bin/gawk
configure:1780: result: gawk
configure:1790: checking whether make sets $(MAKE)
configure:1810: result: yes
configure:2022: checking for gcc
configure:2038: found /usr/bin/gcc
configure:2048: result: gcc
configure:2292: checking for C compiler version
configure:2295: gcc --version </dev/null >&5
2.95.2
configure:2298: $? = 0
configure:2300: gcc -v </dev/null >&5
Reading specs from /usr/lib/gcc-lib/i486-suse-linux/2.95.2/specs
gcc version 2.95.2 19991024 (release)
configure:2303: $? = 0
configure:2305: gcc -V </dev/null >&5
gcc: argument to `-V' is missing
configure:2308: $? = 1
configure:2331: checking for C compiler default output file name
configure:2334: gcc    conftest.c  >&5
configure:2337: $? = 0
configure:2383: result: a.out
configure:2388: checking whether the C compiler works
configure:2394: ./a.out
configure:2397: $? = 0
configure:2414: result: yes
configure:2421: checking whether we are cross compiling
configure:2423: result: no
configure:2426: checking for suffix of executables
configure:2428: gcc -o conftest    conftest.c  >&5
configure:2431: $? = 0
configure:2456: result: 
configure:2462: checking for suffix of object files
configure:2483: gcc -c   conftest.c >&5
configure:2486: $? = 0
configure:2508: result: o
configure:2512: checking whether we are using the GNU C compiler
configure:2536: gcc -c   conftest.c >&5
configure:2542: $? = 0
configure:2546: test -z 
			 || test ! -s conftest.err
configure:2549: $? = 0
configure:2552: test -s conftest.o
configure:2555: $? = 0
configure:2568: result: yes
configure:2574: checking whether gcc accepts -g
configure:2595: gcc -c -g  conftest.c >&5
configure:2601: $? = 0
configure:2605: test -z 
			 || test ! -s conftest.err
configure:2608: $? = 0
configure:2611: test -s conftest.o
configure:2614: $? = 0
configure:2625: result: yes
configure:2642: checking for gcc option to accept ANSI C
configure:2712: gcc  -c -g -O2  conftest.c >&5
configure:2718: $? = 0
configure:2722: test -z 
			 || test ! -s conftest.err
configure:2725: $? = 0
configure:2728: test -s conftest.o
configure:2731: $? = 0
configure:2749: result: none needed
configure:2767: gcc -c -g -O2  conftest.c >&5
conftest.c:2: parse error before `me'
configure:2773: $? = 1
configure: failed program was:
| #ifndef __cplusplus
|   choke me
| #endif
configure:2917: checking for style of include used by make
configure:2945: result: GNU
configure:2973: checking dependency style of gcc
configure:3063: result: none
configure:3081: checking for an ANSI C-conforming const
configure:3148: gcc -c -g -O2  conftest.c >&5
configure:3154: $? = 0
configure:3158: test -z 
			 || test ! -s conftest.err
configure:3161: $? = 0
configure:3164: test -s conftest.o
configure:3167: $? = 0
configure:3178: result: yes
configure:3188: checking for inline
configure:3209: gcc -c -g -O2  conftest.c >&5
configure:3215: $? = 0
configure:3219: test -z 
			 || test ! -s conftest.err
configure:3222: $? = 0
configure:3225: test -s conftest.o
configure:3228: $? = 0
configure:3240: result: inline
configure:3344: checking build system type
configure:3362: result: i686-pc-linux-gnu
configure:3370: checking host system type
configure:3384: result: i686-pc-linux-gnu
configure:3392: checking for a sed that does not truncate output
configure:3446: result: /usr/bin/sed
configure:3449: checking for egrep
configure:3459: result: grep -E
configure:3475: checking for ld used by gcc
configure:3542: result: /usr/i486-suse-linux/bin/ld
configure:3551: checking if the linker (/usr/i486-suse-linux/bin/ld) is GNU ld
configure:3566: result: yes
configure:3571: checking for /usr/i486-suse-linux/bin/ld option to reload object files
configure:3578: result: -r
configure:3596: checking for BSD-compatible nm
configure:3638: result: /usr/bin/nm -B
configure:3642: checking whether ln -s works
configure:3646: result: yes
configure:3653: checking how to recognise dependent libraries
configure:3834: result: pass_all
configure:4289: checking how to run the C preprocessor
configure:4324: gcc -E  conftest.c
configure:4330: $? = 0
configure:4362: gcc -E  conftest.c
conftest.c:9: ac_nonexistent.h: No such file or directory
configure:4368: $? = 1
configure: failed program was:
| /* confdefs.h.  */
| 
| #define PACKAGE_NAME "libltdl"
| #define PACKAGE_TARNAME "libltdl"
| #define PACKAGE_VERSION "1.2"
| #define PACKAGE_STRING "libltdl 1.2"
| #define PACKAGE_BUGREPORT "bug-libtool@gnu.org"
| /* end confdefs.h.  */
| #include <ac_nonexistent.h>
configure:4407: result: gcc -E
configure:4431: gcc -E  conftest.c
configure:4437: $? = 0
configure:4469: gcc -E  conftest.c
conftest.c:9: ac_nonexistent.h: No such file or directory
configure:4475: $? = 1
configure: failed program was:
| /* confdefs.h.  */
| 
| #define PACKAGE_NAME "libltdl"
| #define PACKAGE_TARNAME "libltdl"
| #define PACKAGE_VERSION "1.2"
| #define PACKAGE_STRING "libltdl 1.2"
| #define PACKAGE_BUGREPORT "bug-libtool@gnu.org"
| /* end confdefs.h.  */
| #include <ac_nonexistent.h>
configure:4519: checking for ANSI C header files
configure:4544: gcc -c -g -O2  conftest.c >&5
configure:4550: $? = 0
configure:4554: test -z 
			 || test ! -s conftest.err
configure:4557: $? = 0
configure:4560: test -s conftest.o
configure:4563: $? = 0
configure:4649: gcc -o conftest -g -O2   conftest.c  >&5
configure:4652: $? = 0
configure:4654: ./conftest
configure:4657: $? = 0
configure:4672: result: yes
configure:4696: checking for sys/types.h
configure:4712: gcc -c -g -O2  conftest.c >&5
configure:4718: $? = 0
configure:4722: test -z 
			 || test ! -s conftest.err
configure:4725: $? = 0
configure:4728: test -s conftest.o
configure:4731: $? = 0
configure:4742: result: yes
configure:4696: checking for sys/stat.h
configure:4712: gcc -c -g -O2  conftest.c >&5
configure:4718: $? = 0
configure:4722: test -z 
			 || test ! -s conftest.err
configure:4725: $? = 0
configure:4728: test -s conftest.o
configure:4731: $? = 0
configure:4742: result: yes
configure:4696: checking for stdlib.h
configure:4712: gcc -c -g -O2  conftest.c >&5
configure:4718: $? = 0
configure:4722: test -z 
			 || test ! -s conftest.err
configure:4725: $? = 0
configure:4728: test -s conftest.o
configure:4731: $? = 0
configure:4742: result: yes
configure:4696: checking for string.h
configure:4712: gcc -c -g -O2  conftest.c >&5
configure:4718: $? = 0
configure:4722: test -z 
			 || test ! -s conftest.err
configure:4725: $? = 0
configure:4728: test -s conftest.o
configure:4731: $? = 0
configure:4742: result: yes
configure:4696: checking for memory.h
configure:4712: gcc -c -g -O2  conftest.c >&5
configure:4718: $? = 0
configure:4722: test -z 
			 || test ! -s conftest.err
configure:4725: $? = 0
configure:4728: test -s conftest.o
configure:4731: $? = 0
configure:4742: result: yes
configure:4696: checking for strings.h
configure:4712: gcc -c -g -O2  conftest.c >&5
configure:4718: $? = 0
configure:4722: test -z 
			 || test ! -s conftest.err
configure:4725: $? = 0
configure:4728: test -s conftest.o
configure:4731: $? = 0
configure:4742: result: yes
configure:4696: checking for inttypes.h
configure:4712: gcc -c -g -O2  conftest.c >&5
configure:4718: $? = 0
configure:4722: test -z 
			 || test ! -s conftest.err
configure:4725: $? = 0
configure:4728: test -s conftest.o
configure:4731: $? = 0
configure:4742: result: yes
configure:4696: checking for stdint.h
configure:4712: gcc -c -g -O2  conftest.c >&5
configure:4718: $? = 0
configure:4722: test -z 
			 || test ! -s conftest.err
configure:4725: $? = 0
configure:4728: test -s conftest.o
configure:4731: $? = 0
configure:4742: result: yes
configure:4696: checking for unistd.h
configure:4712: gcc -c -g -O2  conftest.c >&5
configure:4718: $? = 0
configure:4722: test -z 
			 || test ! -s conftest.err
configure:4725: $? = 0
configure:4728: test -s conftest.o
configure:4731: $? = 0
configure:4742: result: yes
configure:4768: checking dlfcn.h usability
configure:4780: gcc -c -g -O2  conftest.c >&5
configure:4786: $? = 0
configure:4790: test -z 
			 || test ! -s conftest.err
configure:4793: $? = 0
configure:4796: test -s conftest.o
configure:4799: $? = 0
configure:4809: result: yes
configure:4813: checking dlfcn.h presence
configure:4823: gcc -E  conftest.c
configure:4829: $? = 0
configure:4849: result: yes
configure:4884: checking for dlfcn.h
configure:4891: result: yes
configure:4956: checking for g++
configure:4972: found /usr/bin/g++
configure:4982: result: g++
configure:4998: checking for C++ compiler version
configure:5001: g++ --version </dev/null >&5
2.95.2
configure:5004: $? = 0
configure:5006: g++ -v </dev/null >&5
Reading specs from /usr/lib/gcc-lib/i486-suse-linux/2.95.2/specs
gcc version 2.95.2 19991024 (release)
configure:5009: $? = 0
configure:5011: g++ -V </dev/null >&5
g++: argument to `-V' missing

configure:5014: $? = 1
configure:5017: checking whether we are using the GNU C++ compiler
configure:5041: g++ -c   conftest.cc >&5
configure:5047: $? = 0
configure:5051: test -z 
			 || test ! -s conftest.err
configure:5054: $? = 0
configure:5057: test -s conftest.o
configure:5060: $? = 0
configure:5073: result: yes
configure:5079: checking whether g++ accepts -g
configure:5100: g++ -c -g  conftest.cc >&5
configure:5106: $? = 0
configure:5110: test -z 
			 || test ! -s conftest.err
configure:5113: $? = 0
configure:5116: test -s conftest.o
configure:5119: $? = 0
configure:5130: result: yes
configure:5172: g++ -c -g -O2  conftest.cc >&5
configure:5178: $? = 0
configure:5182: test -z 
			 || test ! -s conftest.err
configure:5185: $? = 0
configure:5188: test -s conftest.o
configure:5191: $? = 0
configure:5217: g++ -c -g -O2  conftest.cc >&5
configure:5223: $? = 0
configure:5227: test -z 
			 || test ! -s conftest.err
configure:5230: $? = 0
configure:5233: test -s conftest.o
configure:5236: $? = 0
configure:5261: checking dependency style of g++
configure:5351: result: none
configure:5373: checking how to run the C++ preprocessor
configure:5404: g++ -E  conftest.cc
configure:5410: $? = 0
configure:5442: g++ -E  conftest.cc
conftest.cc:20: ac_nonexistent.h: No such file or directory
configure:5448: $? = 1
configure: failed program was:
| /* confdefs.h.  */
| 
| #define PACKAGE_NAME "libltdl"
| #define PACKAGE_TARNAME "libltdl"
| #define PACKAGE_VERSION "1.2"
| #define PACKAGE_STRING "libltdl 1.2"
| #define PACKAGE_BUGREPORT "bug-libtool@gnu.org"
| #define STDC_HEADERS 1
| #define HAVE_SYS_TYPES_H 1
| #define HAVE_SYS_STAT_H 1
| #define HAVE_STDLIB_H 1
| #define HAVE_STRING_H 1
| #define HAVE_MEMORY_H 1
| #define HAVE_STRINGS_H 1
| #define HAVE_INTTYPES_H 1
| #define HAVE_STDINT_H 1
| #define HAVE_UNISTD_H 1
| #define HAVE_DLFCN_H 1
| /* end confdefs.h.  */
| #include <ac_nonexistent.h>
configure:5487: result: g++ -E
configure:5511: g++ -E  conftest.cc
configure:5517: $? = 0
configure:5549: g++ -E  conftest.cc
conftest.cc:20: ac_nonexistent.h: No such file or directory
configure:5555: $? = 1
configure: failed program was:
| /* confdefs.h.  */
| 
| #define PACKAGE_NAME "libltdl"
| #define PACKAGE_TARNAME "libltdl"
| #define PACKAGE_VERSION "1.2"
| #define PACKAGE_STRING "libltdl 1.2"
| #define PACKAGE_BUGREPORT "bug-libtool@gnu.org"
| #define STDC_HEADERS 1
| #define HAVE_SYS_TYPES_H 1
| #define HAVE_SYS_STAT_H 1
| #define HAVE_STDLIB_H 1
| #define HAVE_STRING_H 1
| #define HAVE_MEMORY_H 1
| #define HAVE_STRINGS_H 1
| #define HAVE_INTTYPES_H 1
| #define HAVE_STDINT_H 1
| #define HAVE_UNISTD_H 1
| #define HAVE_DLFCN_H 1
| /* end confdefs.h.  */
| #include <ac_nonexistent.h>
configure:5650: checking for g77
configure:5679: result: no
configure:5650: checking for f77
configure:5679: result: no
configure:5650: checking for xlf
configure:5679: result: no
configure:5650: checking for frt
configure:5679: result: no
configure:5650: checking for pgf77
configure:5679: result: no
configure:5650: checking for fort77
configure:5679: result: no
configure:5650: checking for fl32
configure:5679: result: no
configure:5650: checking for af77
configure:5679: result: no
configure:5650: checking for f90
configure:5679: result: no
configure:5650: checking for xlf90
configure:5679: result: no
configure:5650: checking for pgf90
configure:5679: result: no
configure:5650: checking for epcf90
configure:5679: result: no
configure:5650: checking for f95
configure:5679: result: no
configure:5650: checking for fort
configure:5679: result: no
configure:5650: checking for xlf95
configure:5679: result: no
configure:5650: checking for ifc
configure:5679: result: no
configure:5650: checking for efc
configure:5679: result: no
configure:5650: checking for pgf95
configure:5679: result: no
configure:5650: checking for lf95
configure:5679: result: no
configure:5650: checking for gfortran
configure:5679: result: no
configure:5694: checking for Fortran 77 compiler version
configure:5694:  --version </dev/null >&5
./configure: --version: command not found
configure:5697: $? = 127
configure:5699:  -v </dev/null >&5
./configure: -v: command not found
configure:5702: $? = 127
configure:5704:  -V </dev/null >&5
./configure: -V: command not found
configure:5707: $? = 127
configure:5715: checking whether we are using the GNU Fortran 77 compiler
configure:5729:  -c  conftest.F >&5
./configure: -c: command not found
configure:5735: $? = 127
configure: failed program was:
|       program main
| #ifndef __GNUC__
|        choke me
| #endif
| 
|       end
configure:5761: result: no
configure:5767: checking whether  accepts -g
configure:5779:  -c -g conftest.f >&5
./configure: -c: command not found
configure:5785: $? = 127
configure: failed program was:
|       program main
| 
|       end
configure:5810: result: no
configure:5840: checking the maximum length of command line arguments
configure:5919: result: 32768
configure:5930: checking command to parse /usr/bin/nm -B output from gcc object
configure:6019: gcc -c -g -O2  conftest.c >&5
configure:6022: $? = 0
configure:6026: /usr/bin/nm -B conftest.o \| sed -n -e 's/^.*[ 	]\([ABCDGIRSTW][ABCDGIRSTW]*\)[ 	][ 	]*\(\)\([_A-Za-z][_A-Za-z0-9]*\)$/\1 \2\3 \3/p' \> conftest.nm
configure:6029: $? = 0
configure:6081: gcc -o conftest -g -O2   conftest.c conftstm.o >&5
configure:6084: $? = 0
configure:6122: result: ok
configure:6126: checking for objdir
configure:6141: result: .libs
configure:6231: checking for ar
configure:6247: found /usr/bin/ar
configure:6258: result: ar
configure:6311: checking for ranlib
configure:6327: found /usr/bin/ranlib
configure:6338: result: ranlib
configure:6391: checking for strip
configure:6407: found /usr/bin/strip
configure:6418: result: strip
configure:6682: checking if gcc static flag  works
configure:6705: result: yes
configure:6727: checking if gcc supports -fno-rtti -fno-exceptions
configure:6748: gcc -c -g -O2  -fno-rtti -fno-exceptions conftest.c >&5
configure:6752: $? = 0
configure:6760: result: yes
configure:6775: checking for gcc option to produce PIC
configure:6962: result: -fPIC
configure:6970: checking if gcc PIC flag -fPIC works
configure:6991: gcc -c -g -O2  -fPIC -DPIC conftest.c >&5
configure:6995: $? = 0
configure:7003: result: yes
configure:7027: checking if gcc supports -c -o file.o
configure:7051: gcc -c -g -O2  -o out/conftest2.o conftest.c >&5
configure:7055: $? = 0
configure:7072: result: yes
configure:7098: checking whether the gcc linker (/usr/i486-suse-linux/bin/ld) supports shared libraries
configure:7947: result: yes
configure:7973: checking whether -lc should be explicitly linked in
configure:7978: gcc -c -g -O2  conftest.c >&5
configure:7981: $? = 0
configure:7995: gcc -shared conftest.o  -v -Wl,-soname -Wl,conftest -o conftest 2\>\&1 \| grep  -lc  \>/dev/null 2\>\&1
configure:7998: $? = 0
configure:8010: result: no
configure:8018: checking dynamic linker characteristics
configure:8558: result: GNU/Linux ld.so
configure:8562: checking how to hardcode library paths into programs
configure:8587: result: immediate
configure:8601: checking whether stripping libraries is possible
configure:8606: result: yes
configure:9436: checking if libtool supports shared libraries
configure:9438: result: yes
configure:9441: checking whether to build shared libraries
configure:9462: result: yes
configure:9465: checking whether to build static libraries
configure:9469: result: yes
configure:9561: creating libtool
configure:10108: checking for ld used by g++
configure:10175: result: /usr/i486-suse-linux/bin/ld
configure:10184: checking if the linker (/usr/i486-suse-linux/bin/ld) is GNU ld
configure:10199: result: yes
configure:10250: checking whether the g++ linker (/usr/i486-suse-linux/bin/ld) supports shared libraries
configure:11115: result: yes
configure:11137: g++ -c -g -O2  conftest.cc >&5
configure:11140: $? = 0
configure:11236: checking for g++ option to produce PIC
configure:11498: result: -fPIC
configure:11506: checking if g++ PIC flag -fPIC works
configure:11527: g++ -c -g -O2  -fPIC -DPIC conftest.cc >&5
configure:11531: $? = 0
configure:11539: result: yes
configure:11563: checking if g++ supports -c -o file.o
configure:11587: g++ -c -g -O2  -o out/conftest2.o conftest.cc >&5
configure:11591: $? = 0
configure:11608: result: yes
configure:11634: checking whether the g++ linker (/usr/i486-suse-linux/bin/ld) supports shared libraries
configure:11659: result: yes
configure:11730: checking dynamic linker characteristics
configure:12270: result: GNU/Linux ld.so
configure:12274: checking how to hardcode library paths into programs
configure:12299: result: immediate
configure:12313: checking whether stripping libraries is possible
configure:12318: result: yes
configure:19589: checking for dirent.h that defines DIR
configure:19613: gcc -c -g -O2  conftest.c >&5
configure:19619: $? = 0
configure:19623: test -z 
			 || test ! -s conftest.err
configure:19626: $? = 0
configure:19629: test -s conftest.o
configure:19632: $? = 0
configure:19643: result: yes
configure:19656: checking for library containing opendir
configure:19686: gcc -o conftest -g -O2   conftest.c  >&5
configure:19692: $? = 0
configure:19696: test -z 
			 || test ! -s conftest.err
configure:19699: $? = 0
configure:19702: test -s conftest
configure:19705: $? = 0
configure:19775: result: none required
configure:19939: checking which extension is used for loadable modules
configure:19949: result: .so
configure:19960: checking which variable specifies run-time library path
configure:19967: result: LD_LIBRARY_PATH
configure:19978: checking for the default library search path
configure:19985: result: /lib /usr/lib /lib-aout /usr/X11R6/lib/Xaw95 /usr/X11R6/lib/Xaw3d /usr/X11R6/lib /usr/i486-linux/lib /usr/i486-linux-libc5/lib=libc5 /usr/i486-linux-libc6/lib=libc6 /usr/i486-linuxaout/lib /usr/i386-suse-linux/lib /usr/local/lib /usr/openwin/lib /opt/kde/lib /opt/kde2/lib /opt/gnome/lib 
configure:20003: checking for objdir
configure:20024: result: .libs
configure:20033: checking whether libtool supports -dlopen/-dlpreopen
configure:20045: result: yes
configure:20064: checking for shl_load
configure:20121: gcc -o conftest -g -O2   conftest.c  >&5
/tmp/ccw4w8IJ.o: In function `main':
/home/phuber/Desktop/GLOBES/Distribution/libltdl/conftest.c:66: undefined reference to `shl_load'
/home/phuber/Desktop/GLOBES/Distribution/libltdl/conftest.c:66: undefined reference to `shl_load'
collect2: ld returned 1 exit status
configure:20127: $? = 1
configure: failed program was:
| /* confdefs.h.  */
| 
| #define PACKAGE_NAME "libltdl"
| #define PACKAGE_TARNAME "libltdl"
| #define PACKAGE_VERSION "1.2"
| #define PACKAGE_STRING "libltdl 1.2"
| #define PACKAGE_BUGREPORT "bug-libtool@gnu.org"
| #define STDC_HEADERS 1
| #define HAVE_SYS_TYPES_H 1
| #define HAVE_SYS_STAT_H 1
| #define HAVE_STDLIB_H 1
| #define HAVE_STRING_H 1
| #define HAVE_MEMORY_H 1
| #define HAVE_STRINGS_H 1
| #define HAVE_INTTYPES_H 1
| #define HAVE_STDINT_H 1
| #define HAVE_UNISTD_H 1
| #define HAVE_DLFCN_H 1
| #define HAVE_DIRENT_H 1
| #define LTDL_SHLIB_EXT ".so"
| #define LTDL_SHLIBPATH_VAR "LD_LIBRARY_PATH"
| #define LTDL_SYSSEARCHPATH "/lib:/usr/lib:/lib-aout:/usr/X11R6/lib/Xaw95:/usr/X11R6/lib/Xaw3d:/usr/X11R6/lib:/usr/i486-linux/lib:/usr/i486-linux-libc5/lib=libc5:/usr/i486-linux-libc6/lib=libc6:/usr/i486-linuxaout/lib:/usr/i386-suse-linux/lib:/usr/local/lib:/usr/openwin/lib:/opt/kde/lib:/opt/kde2/lib:/opt/gnome/lib"
| #define LTDL_OBJDIR ".libs/"
| #define HAVE_PRELOADED_SYMBOLS 1
| /* end confdefs.h.  */
| /* Define shl_load to an innocuous variant, in case <limits.h> declares shl_load.
|    For example, HP-UX 11i <limits.h> declares gettimeofday.  */
| #define shl_load innocuous_shl_load
| 
| /* System header to define __stub macros and hopefully few prototypes,
|     which can conflict with char shl_load (); below.
|     Prefer <limits.h> to <assert.h> if __STDC__ is defined, since
|     <limits.h> exists even on freestanding compilers.  */
| 
| #ifdef __STDC__
| # include <limits.h>
| #else
| # include <assert.h>
| #endif
| 
| #undef shl_load
| 
| /* Override any gcc2 internal prototype to avoid an error.  */
| #ifdef __cplusplus
| extern "C"
| {
| #endif
| /* We use char because int might match the return type of a gcc2
|    builtin and then its argument prototype would still apply.  */
| char shl_load ();
| /* The GNU C library defines this for functions which it implements
|     to always fail with ENOSYS.  Some functions are actually named
|     something starting with __ and the normal name is an alias.  */
| #if defined (__stub_shl_load) || defined (__stub___shl_load)
| choke me
| #else
| char (*f) () = shl_load;
| #endif
| #ifdef __cplusplus
| }
| #endif
| 
| int
| main ()
| {
| return f != shl_load;
|   ;
|   return 0;
| }
configure:20152: result: no
configure:20161: checking for shl_load in -ldld
configure:20191: gcc -o conftest -g -O2   conftest.c -ldld   >&5
/usr/i486-suse-linux/bin/ld: cannot find -ldld
collect2: ld returned 1 exit status
configure:20197: $? = 1
configure: failed program was:
| /* confdefs.h.  */
| 
| #define PACKAGE_NAME "libltdl"
| #define PACKAGE_TARNAME "libltdl"
| #define PACKAGE_VERSION "1.2"
| #define PACKAGE_STRING "libltdl 1.2"
| #define PACKAGE_BUGREPORT "bug-libtool@gnu.org"
| #define STDC_HEADERS 1
| #define HAVE_SYS_TYPES_H 1
| #define HAVE_SYS_STAT_H 1
| #define HAVE_STDLIB_H 1
| #define HAVE_STRING_H 1
| #define HAVE_MEMORY_H 1
| #define HAVE_STRINGS_H 1
| #define HAVE_INTTYPES_H 1
| #define HAVE_STDINT_H 1
| #define HAVE_UNISTD_H 1
| #define HAVE_DLFCN_H 1
| #define HAVE_DIRENT_H 1
| #define LTDL_SHLIB_EXT ".so"
| #define LTDL_SHLIBPATH_VAR "LD_LIBRARY_PATH"
| #define LTDL_SYSSEARCHPATH "/lib:/usr/lib:/lib-aout:/usr/X11R6/lib/Xaw95:/usr/X11R6/lib/Xaw3d:/usr/X11R6/lib:/usr/i486-linux/lib:/usr/i486-linux-libc5/lib=libc5:/usr/i486-linux-libc6/lib=libc6:/usr/i486-linuxaout/lib:/usr/i386-suse-linux/lib:/usr/local/lib:/usr/openwin/lib:/opt/kde/lib:/opt/kde2/lib:/opt/gnome/lib"
| #define LTDL_OBJDIR ".libs/"
| #define HAVE_PRELOADED_SYMBOLS 1
| /* end confdefs.h.  */
| 
| /* Override any gcc2 internal prototype to avoid an error.  */
| #ifdef __cplusplus
| extern "C"
| #endif
| /* We use char because int might match the return type of a gcc2
|    builtin and then its argument prototype would still apply.  */
| char shl_load ();
| int
| main ()
| {
| shl_load ();
|   ;
|   return 0;
| }
configure:20223: result: no
configure:20233: checking for dlopen in -ldl
configure:20263: gcc -o conftest -g -O2   conftest.c -ldl   >&5
configure:20269: $? = 0
configure:20273: test -z 
			 || test ! -s conftest.err
configure:20276: $? = 0
configure:20279: test -s conftest
configure:20282: $? = 0
configure:20295: result: yes
configure:20624: checking for dlerror
configure:20681: gcc -o conftest -g -O2   conftest.c  -ldl >&5
configure:20687: $? = 0
configure:20691: test -z 
			 || test ! -s conftest.err
configure:20694: $? = 0
configure:20697: test -s conftest
configure:20700: $? = 0
configure:20712: result: yes
configure:20732: checking for _ prefix in compiled symbols
configure:20742: gcc -c -g -O2  conftest.c >&5
configure:20745: $? = 0
configure:20749: /usr/bin/nm -B conftest.o \| sed -n -e 's/^.*[ 	]\([ABCDGIRSTW][ABCDGIRSTW]*\)[ 	][ 	]*\(\)\([_A-Za-z][_A-Za-z0-9]*\)$/\1 \2\3 \3/p' \> conftest.nm
configure:20752: $? = 0
configure:20774: result: no
configure:20892: checking whether deplibs are loaded by dlopen
configure:20967: result: yes
configure:20991: checking argz.h usability
configure:21003: gcc -c -g -O2  conftest.c >&5
configure:21009: $? = 0
configure:21013: test -z 
			 || test ! -s conftest.err
configure:21016: $? = 0
configure:21019: test -s conftest.o
configure:21022: $? = 0
configure:21032: result: yes
configure:21036: checking argz.h presence
configure:21046: gcc -E  conftest.c
configure:21052: $? = 0
configure:21072: result: yes
configure:21107: checking for argz.h
configure:21114: result: yes
configure:21128: checking for error_t
configure:21155: gcc -c -g -O2  conftest.c >&5
configure:21161: $? = 0
configure:21165: test -z 
			 || test ! -s conftest.err
configure:21168: $? = 0
configure:21171: test -s conftest.o
configure:21174: $? = 0
configure:21185: result: yes
configure:21211: checking for argz_append
configure:21268: gcc -o conftest -g -O2   conftest.c  >&5
configure:21274: $? = 0
configure:21278: test -z 
			 || test ! -s conftest.err
configure:21281: $? = 0
configure:21284: test -s conftest
configure:21287: $? = 0
configure:21299: result: yes
configure:21211: checking for argz_create_sep
configure:21268: gcc -o conftest -g -O2   conftest.c  >&5
configure:21274: $? = 0
configure:21278: test -z 
			 || test ! -s conftest.err
configure:21281: $? = 0
configure:21284: test -s conftest
configure:21287: $? = 0
configure:21299: result: yes
configure:21211: checking for argz_insert
configure:21268: gcc -o conftest -g -O2   conftest.c  >&5
configure:21274: $? = 0
configure:21278: test -z 
			 || test ! -s conftest.err
configure:21281: $? = 0
configure:21284: test -s conftest
configure:21287: $? = 0
configure:21299: result: yes
configure:21211: checking for argz_next
configure:21268: gcc -o conftest -g -O2   conftest.c  >&5
configure:21274: $? = 0
configure:21278: test -z 
			 || test ! -s conftest.err
configure:21281: $? = 0
configure:21284: test -s conftest
configure:21287: $? = 0
configure:21299: result: yes
configure:21211: checking for argz_stringify
configure:21268: gcc -o conftest -g -O2   conftest.c  >&5
configure:21274: $? = 0
configure:21278: test -z 
			 || test ! -s conftest.err
configure:21281: $? = 0
configure:21284: test -s conftest
configure:21287: $? = 0
configure:21299: result: yes
configure:21350: checking assert.h usability
configure:21362: gcc -c -g -O2  conftest.c >&5
configure:21368: $? = 0
configure:21372: test -z 
			 || test ! -s conftest.err
configure:21375: $? = 0
configure:21378: test -s conftest.o
configure:21381: $? = 0
configure:21391: result: yes
configure:21395: checking assert.h presence
configure:21405: gcc -E  conftest.c
configure:21411: $? = 0
configure:21431: result: yes
configure:21466: checking for assert.h
configure:21473: result: yes
configure:21350: checking ctype.h usability
configure:21362: gcc -c -g -O2  conftest.c >&5
configure:21368: $? = 0
configure:21372: test -z 
			 || test ! -s conftest.err
configure:21375: $? = 0
configure:21378: test -s conftest.o
configure:21381: $? = 0
configure:21391: result: yes
configure:21395: checking ctype.h presence
configure:21405: gcc -E  conftest.c
configure:21411: $? = 0
configure:21431: result: yes
configure:21466: checking for ctype.h
configure:21473: result: yes
configure:21350: checking errno.h usability
configure:21362: gcc -c -g -O2  conftest.c >&5
configure:21368: $? = 0
configure:21372: test -z 
			 || test ! -s conftest.err
configure:21375: $? = 0
configure:21378: test -s conftest.o
configure:21381: $? = 0
configure:21391: result: yes
configure:21395: checking errno.h presence
configure:21405: gcc -E  conftest.c
configure:21411: $? = 0
configure:21431: result: yes
configure:21466: checking for errno.h
configure:21473: result: yes
configure:21350: checking malloc.h usability
configure:21362: gcc -c -g -O2  conftest.c >&5
configure:21368: $? = 0
configure:21372: test -z 
			 || test ! -s conftest.err
configure:21375: $? = 0
configure:21378: test -s conftest.o
configure:21381: $? = 0
configure:21391: result: yes
configure:21395: checking malloc.h presence
configure:21405: gcc -E  conftest.c
configure:21411: $? = 0
configure:21431: result: yes
configure:21466: checking for malloc.h
configure:21473: result: yes
configure:21341: checking for memory.h
configure:21346: result: yes
configure:21341: checking for stdlib.h
configure:21346: result: yes
configure:21350: checking stdio.h usability
configure:21362: gcc -c -g -O2  conftest.c >&5
configure:21368: $? = 0
configure:21372: test -z 
			 || test ! -s conftest.err
configure:21375: $? = 0
configure:21378: test -s conftest.o
configure:21381: $? = 0
configure:21391: result: yes
configure:21395: checking stdio.h presence
configure:21405: gcc -E  conftest.c
configure:21411: $? = 0
configure:21431: result: yes
configure:21466: checking for stdio.h
configure:21473: result: yes
configure:21341: checking for unistd.h
configure:21346: result: yes
configure:21503: checking dl.h usability
configure:21515: gcc -c -g -O2  conftest.c >&5
conftest.c:77: dl.h: No such file or directory
configure:21521: $? = 1
configure: failed program was:
| /* confdefs.h.  */
| 
| #define PACKAGE_NAME "libltdl"
| #define PACKAGE_TARNAME "libltdl"
| #define PACKAGE_VERSION "1.2"
| #define PACKAGE_STRING "libltdl 1.2"
| #define PACKAGE_BUGREPORT "bug-libtool@gnu.org"
| #define STDC_HEADERS 1
| #define HAVE_SYS_TYPES_H 1
| #define HAVE_SYS_STAT_H 1
| #define HAVE_STDLIB_H 1
| #define HAVE_STRING_H 1
| #define HAVE_MEMORY_H 1
| #define HAVE_STRINGS_H 1
| #define HAVE_INTTYPES_H 1
| #define HAVE_STDINT_H 1
| #define HAVE_UNISTD_H 1
| #define HAVE_DLFCN_H 1
| #define HAVE_DIRENT_H 1
| #define LTDL_SHLIB_EXT ".so"
| #define LTDL_SHLIBPATH_VAR "LD_LIBRARY_PATH"
| #define LTDL_SYSSEARCHPATH "/lib:/usr/lib:/lib-aout:/usr/X11R6/lib/Xaw95:/usr/X11R6/lib/Xaw3d:/usr/X11R6/lib:/usr/i486-linux/lib:/usr/i486-linux-libc5/lib=libc5:/usr/i486-linux-libc6/lib=libc6:/usr/i486-linuxaout/lib:/usr/i386-suse-linux/lib:/usr/local/lib:/usr/openwin/lib:/opt/kde/lib:/opt/kde2/lib:/opt/gnome/lib"
| #define LTDL_OBJDIR ".libs/"
| #define HAVE_PRELOADED_SYMBOLS 1
| #define HAVE_LIBDL 1
| #define HAVE_DLERROR 1
| #define HAVE_ARGZ_H 1
| #define HAVE_ERROR_T 1
| #define HAVE_ARGZ_APPEND 1
| #define HAVE_ARGZ_CREATE_SEP 1
| #define HAVE_ARGZ_INSERT 1
| #define HAVE_ARGZ_NEXT 1
| #define HAVE_ARGZ_STRINGIFY 1
| #define HAVE_ASSERT_H 1
| #define HAVE_CTYPE_H 1
| #define HAVE_ERRNO_H 1
| #define HAVE_MALLOC_H 1
| #define HAVE_MEMORY_H 1
| #define HAVE_STDLIB_H 1
| #define HAVE_STDIO_H 1
| #define HAVE_UNISTD_H 1
| /* end confdefs.h.  */
| #include <stdio.h>
| #if HAVE_SYS_TYPES_H
| # include <sys/types.h>
| #endif
| #if HAVE_SYS_STAT_H
| # include <sys/stat.h>
| #endif
| #if STDC_HEADERS
| # include <stdlib.h>
| # include <stddef.h>
| #else
| # if HAVE_STDLIB_H
| #  include <stdlib.h>
| # endif
| #endif
| #if HAVE_STRING_H
| # if !STDC_HEADERS && HAVE_MEMORY_H
| #  include <memory.h>
| # endif
| # include <string.h>
| #endif
| #if HAVE_STRINGS_H
| # include <strings.h>
| #endif
| #if HAVE_INTTYPES_H
| # include <inttypes.h>
| #else
| # if HAVE_STDINT_H
| #  include <stdint.h>
| # endif
| #endif
| #if HAVE_UNISTD_H
| # include <unistd.h>
| #endif
| #include <dl.h>
configure:21544: result: no
configure:21548: checking dl.h presence
configure:21558: gcc -E  conftest.c
conftest.c:43: dl.h: No such file or directory
configure:21564: $? = 1
configure: failed program was:
| /* confdefs.h.  */
| 
| #define PACKAGE_NAME "libltdl"
| #define PACKAGE_TARNAME "libltdl"
| #define PACKAGE_VERSION "1.2"
| #define PACKAGE_STRING "libltdl 1.2"
| #define PACKAGE_BUGREPORT "bug-libtool@gnu.org"
| #define STDC_HEADERS 1
| #define HAVE_SYS_TYPES_H 1
| #define HAVE_SYS_STAT_H 1
| #define HAVE_STDLIB_H 1
| #define HAVE_STRING_H 1
| #define HAVE_MEMORY_H 1
| #define HAVE_STRINGS_H 1
| #define HAVE_INTTYPES_H 1
| #define HAVE_STDINT_H 1
| #define HAVE_UNISTD_H 1
| #define HAVE_DLFCN_H 1
| #define HAVE_DIRENT_H 1
| #define LTDL_SHLIB_EXT ".so"
| #define LTDL_SHLIBPATH_VAR "LD_LIBRARY_PATH"
| #define LTDL_SYSSEARCHPATH "/lib:/usr/lib:/lib-aout:/usr/X11R6/lib/Xaw95:/usr/X11R6/lib/Xaw3d:/usr/X11R6/lib:/usr/i486-linux/lib:/usr/i486-linux-libc5/lib=libc5:/usr/i486-linux-libc6/lib=libc6:/usr/i486-linuxaout/lib:/usr/i386-suse-linux/lib:/usr/local/lib:/usr/openwin/lib:/opt/kde/lib:/opt/kde2/lib:/opt/gnome/lib"
| #define LTDL_OBJDIR ".libs/"
| #define HAVE_PRELOADED_SYMBOLS 1
| #define HAVE_LIBDL 1
| #define HAVE_DLERROR 1
| #define HAVE_ARGZ_H 1
| #define HAVE_ERROR_T 1
| #define HAVE_ARGZ_APPEND 1
| #define HAVE_ARGZ_CREATE_SEP 1
| #define HAVE_ARGZ_INSERT 1
| #define HAVE_ARGZ_NEXT 1
| #define HAVE_ARGZ_STRINGIFY 1
| #define HAVE_ASSERT_H 1
| #define HAVE_CTYPE_H 1
| #define HAVE_ERRNO_H 1
| #define HAVE_MALLOC_H 1
| #define HAVE_MEMORY_H 1
| #define HAVE_STDLIB_H 1
| #define HAVE_STDIO_H 1
| #define HAVE_UNISTD_H 1
| /* end confdefs.h.  */
| #include <dl.h>
configure:21584: result: no
configure:21619: checking for dl.h
configure:21626: result: no
configure:21503: checking sys/dl.h usability
configure:21515: gcc -c -g -O2  conftest.c >&5
conftest.c:77: sys/dl.h: No such file or directory
configure:21521: $? = 1
configure: failed program was:
| /* confdefs.h.  */
| 
| #define PACKAGE_NAME "libltdl"
| #define PACKAGE_TARNAME "libltdl"
| #define PACKAGE_VERSION "1.2"
| #define PACKAGE_STRING "libltdl 1.2"
| #define PACKAGE_BUGREPORT "bug-libtool@gnu.org"
| #define STDC_HEADERS 1
| #define HAVE_SYS_TYPES_H 1
| #define HAVE_SYS_STAT_H 1
| #define HAVE_STDLIB_H 1
| #define HAVE_STRING_H 1
| #define HAVE_MEMORY_H 1
| #define HAVE_STRINGS_H 1
| #define HAVE_INTTYPES_H 1
| #define HAVE_STDINT_H 1
| #define HAVE_UNISTD_H 1
| #define HAVE_DLFCN_H 1
| #define HAVE_DIRENT_H 1
| #define LTDL_SHLIB_EXT ".so"
| #define LTDL_SHLIBPATH_VAR "LD_LIBRARY_PATH"
| #define LTDL_SYSSEARCHPATH "/lib:/usr/lib:/lib-aout:/usr/X11R6/lib/Xaw95:/usr/X11R6/lib/Xaw3d:/usr/X11R6/lib:/usr/i486-linux/lib:/usr/i486-linux-libc5/lib=libc5:/usr/i486-linux-libc6/lib=libc6:/usr/i486-linuxaout/lib:/usr/i386-suse-linux/lib:/usr/local/lib:/usr/openwin/lib:/opt/kde/lib:/opt/kde2/lib:/opt/gnome/lib"
| #define LTDL_OBJDIR ".libs/"
| #define HAVE_PRELOADED_SYMBOLS 1
| #define HAVE_LIBDL 1
| #define HAVE_DLERROR 1
| #define HAVE_ARGZ_H 1
| #define HAVE_ERROR_T 1
| #define HAVE_ARGZ_APPEND 1
| #define HAVE_ARGZ_CREATE_SEP 1
| #define HAVE_ARGZ_INSERT 1
| #define HAVE_ARGZ_NEXT 1
| #define HAVE_ARGZ_STRINGIFY 1
| #define HAVE_ASSERT_H 1
| #define HAVE_CTYPE_H 1
| #define HAVE_ERRNO_H 1
| #define HAVE_MALLOC_H 1
| #define HAVE_MEMORY_H 1
| #define HAVE_STDLIB_H 1
| #define HAVE_STDIO_H 1
| #define HAVE_UNISTD_H 1
| /* end confdefs.h.  */
| #include <stdio.h>
| #if HAVE_SYS_TYPES_H
| # include <sys/types.h>
| #endif
| #if HAVE_SYS_STAT_H
| # include <sys/stat.h>
| #endif
| #if STDC_HEADERS
| # include <stdlib.h>
| # include <stddef.h>
| #else
| # if HAVE_STDLIB_H
| #  include <stdlib.h>
| # endif
| #endif
| #if HAVE_STRING_H
| # if !STDC_HEADERS && HAVE_MEMORY_H
| #  include <memory.h>
| # endif
| # include <string.h>
| #endif
| #if HAVE_STRINGS_H
| # include <strings.h>
| #endif
| #if HAVE_INTTYPES_H
| # include <inttypes.h>
| #else
| # if HAVE_STDINT_H
| #  include <stdint.h>
| # endif
| #endif
| #if HAVE_UNISTD_H
| # include <unistd.h>
| #endif
| #include <sys/dl.h>
configure:21544: result: no
configure:21548: checking sys/dl.h presence
configure:21558: gcc -E  conftest.c
conftest.c:43: sys/dl.h: No such file or directory
configure:21564: $? = 1
configure: failed program was:
| /* confdefs.h.  */
| 
| #define PACKAGE_NAME "libltdl"
| #define PACKAGE_TARNAME "libltdl"
| #define PACKAGE_VERSION "1.2"
| #define PACKAGE_STRING "libltdl 1.2"
| #define PACKAGE_BUGREPORT "bug-libtool@gnu.org"
| #define STDC_HEADERS 1
| #define HAVE_SYS_TYPES_H 1
| #define HAVE_SYS_STAT_H 1
| #define HAVE_STDLIB_H 1
| #define HAVE_STRING_H 1
| #define HAVE_MEMORY_H 1
| #define HAVE_STRINGS_H 1
| #define HAVE_INTTYPES_H 1
| #define HAVE_STDINT_H 1
| #define HAVE_UNISTD_H 1
| #define HAVE_DLFCN_H 1
| #define HAVE_DIRENT_H 1
| #define LTDL_SHLIB_EXT ".so"
| #define LTDL_SHLIBPATH_VAR "LD_LIBRARY_PATH"
| #define LTDL_SYSSEARCHPATH "/lib:/usr/lib:/lib-aout:/usr/X11R6/lib/Xaw95:/usr/X11R6/lib/Xaw3d:/usr/X11R6/lib:/usr/i486-linux/lib:/usr/i486-linux-libc5/lib=libc5:/usr/i486-linux-libc6/lib=libc6:/usr/i486-linuxaout/lib:/usr/i386-suse-linux/lib:/usr/local/lib:/usr/openwin/lib:/opt/kde/lib:/opt/kde2/lib:/opt/gnome/lib"
| #define LTDL_OBJDIR ".libs/"
| #define HAVE_PRELOADED_SYMBOLS 1
| #define HAVE_LIBDL 1
| #define HAVE_DLERROR 1
| #define HAVE_ARGZ_H 1
| #define HAVE_ERROR_T 1
| #define HAVE_ARGZ_APPEND 1
| #define HAVE_ARGZ_CREATE_SEP 1
| #define HAVE_ARGZ_INSERT 1
| #define HAVE_ARGZ_NEXT 1
| #define HAVE_ARGZ_STRINGIFY 1
| #define HAVE_ASSERT_H 1
| #define HAVE_CTYPE_H 1
| #define HAVE_ERRNO_H 1
| #define HAVE_MALLOC_H 1
| #define HAVE_MEMORY_H 1
| #define HAVE_STDLIB_H 1
| #define HAVE_STDIO_H 1
| #define HAVE_UNISTD_H 1
| /* end confdefs.h.  */
| #include <sys/dl.h>
configure:21584: result: no
configure:21619: checking for sys/dl.h
configure:21626: result: no
configure:21503: checking dld.h usability
configure:21515: gcc -c -g -O2  conftest.c >&5
conftest.c:77: dld.h: No such file or directory
configure:21521: $? = 1
configure: failed program was:
| /* confdefs.h.  */
| 
| #define PACKAGE_NAME "libltdl"
| #define PACKAGE_TARNAME "libltdl"
| #define PACKAGE_VERSION "1.2"
| #define PACKAGE_STRING "libltdl 1.2"
| #define PACKAGE_BUGREPORT "bug-libtool@gnu.org"
| #define STDC_HEADERS 1
| #define HAVE_SYS_TYPES_H 1
| #define HAVE_SYS_STAT_H 1
| #define HAVE_STDLIB_H 1
| #define HAVE_STRING_H 1
| #define HAVE_MEMORY_H 1
| #define HAVE_STRINGS_H 1
| #define HAVE_INTTYPES_H 1
| #define HAVE_STDINT_H 1
| #define HAVE_UNISTD_H 1
| #define HAVE_DLFCN_H 1
| #define HAVE_DIRENT_H 1
| #define LTDL_SHLIB_EXT ".so"
| #define LTDL_SHLIBPATH_VAR "LD_LIBRARY_PATH"
| #define LTDL_SYSSEARCHPATH "/lib:/usr/lib:/lib-aout:/usr/X11R6/lib/Xaw95:/usr/X11R6/lib/Xaw3d:/usr/X11R6/lib:/usr/i486-linux/lib:/usr/i486-linux-libc5/lib=libc5:/usr/i486-linux-libc6/lib=libc6:/usr/i486-linuxaout/lib:/usr/i386-suse-linux/lib:/usr/local/lib:/usr/openwin/lib:/opt/kde/lib:/opt/kde2/lib:/opt/gnome/lib"
| #define LTDL_OBJDIR ".libs/"
| #define HAVE_PRELOADED_SYMBOLS 1
| #define HAVE_LIBDL 1
| #define HAVE_DLERROR 1
| #define HAVE_ARGZ_H 1
| #define HAVE_ERROR_T 1
| #define HAVE_ARGZ_APPEND 1
| #define HAVE_ARGZ_CREATE_SEP 1
| #define HAVE_ARGZ_INSERT 1
| #define HAVE_ARGZ_NEXT 1
| #define HAVE_ARGZ_STRINGIFY 1
| #define HAVE_ASSERT_H 1
| #define HAVE_CTYPE_H 1
| #define HAVE_ERRNO_H 1
| #define HAVE_MALLOC_H 1
| #define HAVE_MEMORY_H 1
| #define HAVE_STDLIB_H 1
| #define HAVE_STDIO_H 1
| #define HAVE_UNISTD_H 1
| /* end confdefs.h.  */
| #include <stdio.h>
| #if HAVE_SYS_TYPES_H
| # include <sys/types.h>
| #endif
| #if HAVE_SYS_STAT_H
| # include <sys/stat.h>
| #endif
| #if STDC_HEADERS
| # include <stdlib.h>
| # include <stddef.h>
| #else
| # if HAVE_STDLIB_H
| #  include <stdlib.h>
| # endif
| #endif
| #if HAVE_STRING_H
| # if !STDC_HEADERS && HAVE_MEMORY_H
| #  include <memory.h>
| # endif
| # include <string.h>
| #endif
| #if HAVE_STRINGS_H
| # include <strings.h>
| #endif
| #if HAVE_INTTYPES_H
| # include <inttypes.h>
| #else
| # if HAVE_STDINT_H
| #  include <stdint.h>
| # endif
| #endif
| #if HAVE_UNISTD_H
| # include <unistd.h>
| #endif
| #include <dld.h>
configure:21544: result: no
configure:21548: checking dld.h presence
configure:21558: gcc -E  conftest.c
conftest.c:43: dld.h: No such file or directory
configure:21564: $? = 1
configure: failed program was:
| /* confdefs.h.  */
| 
| #define PACKAGE_NAME "libltdl"
| #define PACKAGE_TARNAME "libltdl"
| #define PACKAGE_VERSION "1.2"
| #define PACKAGE_STRING "libltdl 1.2"
| #define PACKAGE_BUGREPORT "bug-libtool@gnu.org"
| #define STDC_HEADERS 1
| #define HAVE_SYS_TYPES_H 1
| #define HAVE_SYS_STAT_H 1
| #define HAVE_STDLIB_H 1
| #define HAVE_STRING_H 1
| #define HAVE_MEMORY_H 1
| #define HAVE_STRINGS_H 1
| #define HAVE_INTTYPES_H 1
| #define HAVE_STDINT_H 1
| #define HAVE_UNISTD_H 1
| #define HAVE_DLFCN_H 1
| #define HAVE_DIRENT_H 1
| #define LTDL_SHLIB_EXT ".so"
| #define LTDL_SHLIBPATH_VAR "LD_LIBRARY_PATH"
| #define LTDL_SYSSEARCHPATH "/lib:/usr/lib:/lib-aout:/usr/X11R6/lib/Xaw95:/usr/X11R6/lib/Xaw3d:/usr/X11R6/lib:/usr/i486-linux/lib:/usr/i486-linux-libc5/lib=libc5:/usr/i486-linux-libc6/lib=libc6:/usr/i486-linuxaout/lib:/usr/i386-suse-linux/lib:/usr/local/lib:/usr/openwin/lib:/opt/kde/lib:/opt/kde2/lib:/opt/gnome/lib"
| #define LTDL_OBJDIR ".libs/"
| #define HAVE_PRELOADED_SYMBOLS 1
| #define HAVE_LIBDL 1
| #define HAVE_DLERROR 1
| #define HAVE_ARGZ_H 1
| #define HAVE_ERROR_T 1
| #define HAVE_ARGZ_APPEND 1
| #define HAVE_ARGZ_CREATE_SEP 1
| #define HAVE_ARGZ_INSERT 1
| #define HAVE_ARGZ_NEXT 1
| #define HAVE_ARGZ_STRINGIFY 1
| #define HAVE_ASSERT_H 1
| #define HAVE_CTYPE_H 1
| #define HAVE_ERRNO_H 1
| #define HAVE_MALLOC_H 1
| #define HAVE_MEMORY_H 1
| #define HAVE_STDLIB_H 1
| #define HAVE_STDIO_H 1
| #define HAVE_UNISTD_H 1
| /* end confdefs.h.  */
| #include <dld.h>
configure:21584: result: no
configure:21619: checking for dld.h
configure:21626: result: no
configure:21503: checking mach-o/dyld.h usability
configure:21515: gcc -c -g -O2  conftest.c >&5
conftest.c:77: mach-o/dyld.h: No such file or directory
configure:21521: $? = 1
configure: failed program was:
| /* confdefs.h.  */
| 
| #define PACKAGE_NAME "libltdl"
| #define PACKAGE_TARNAME "libltdl"
| #define PACKAGE_VERSION "1.2"
| #define PACKAGE_STRING "libltdl 1.2"
| #define PACKAGE_BUGREPORT "bug-libtool@gnu.org"
| #define STDC_HEADERS 1
| #define HAVE_SYS_TYPES_H 1
| #define HAVE_SYS_STAT_H 1
| #define HAVE_STDLIB_H 1
| #define HAVE_STRING_H 1
| #define HAVE_MEMORY_H 1
| #define HAVE_STRINGS_H 1
| #define HAVE_INTTYPES_H 1
| #define HAVE_STDINT_H 1
| #define HAVE_UNISTD_H 1
| #define HAVE_DLFCN_H 1
| #define HAVE_DIRENT_H 1
| #define LTDL_SHLIB_EXT ".so"
| #define LTDL_SHLIBPATH_VAR "LD_LIBRARY_PATH"
| #define LTDL_SYSSEARCHPATH "/lib:/usr/lib:/lib-aout:/usr/X11R6/lib/Xaw95:/usr/X11R6/lib/Xaw3d:/usr/X11R6/lib:/usr/i486-linux/lib:/usr/i486-linux-libc5/lib=libc5:/usr/i486-linux-libc6/lib=libc6:/usr/i486-linuxaout/lib:/usr/i386-suse-linux/lib:/usr/local/lib:/usr/openwin/lib:/opt/kde/lib:/opt/kde2/lib:/opt/gnome/lib"
| #define LTDL_OBJDIR ".libs/"
| #define HAVE_PRELOADED_SYMBOLS 1
| #define HAVE_LIBDL 1
| #define HAVE_DLERROR 1
| #define HAVE_ARGZ_H 1
| #define HAVE_ERROR_T 1
| #define HAVE_ARGZ_APPEND 1
| #define HAVE_ARGZ_CREATE_SEP 1
| #define HAVE_ARGZ_INSERT 1
| #define HAVE_ARGZ_NEXT 1
| #define HAVE_ARGZ_STRINGIFY 1
| #define HAVE_ASSERT_H 1
| #define HAVE_CTYPE_H 1
| #define HAVE_ERRNO_H 1
| #define HAVE_MALLOC_H 1
| #define HAVE_MEMORY_H 1
| #define HAVE_STDLIB_H 1
| #define HAVE_STDIO_H 1
| #define HAVE_UNISTD_H 1
| /* end confdefs.h.  */
| #include <stdio.h>
| #if HAVE_SYS_TYPES_H
| # include <sys/types.h>
| #endif
| #if HAVE_SYS_STAT_H
| # include <sys/stat.h>
| #endif
| #if STDC_HEADERS
| # include <stdlib.h>
| # include <stddef.h>
| #else
| # if HAVE_STDLIB_H
| #  include <stdlib.h>
| # endif
| #endif
| #if HAVE_STRING_H
| # if !STDC_HEADERS && HAVE_MEMORY_H
| #  include <memory.h>
| # endif
| # include <string.h>
| #endif
| #if HAVE_STRINGS_H
| # include <strings.h>
| #endif
| #if HAVE_INTTYPES_H
| # include <inttypes.h>
| #else
| # if HAVE_STDINT_H
| #  include <stdint.h>
| # endif
| #endif
| #if HAVE_UNISTD_H
| # include <unistd.h>
| #endif
| #include <mach-o/dyld.h>
configure:21544: result: no
configure:21548: checking mach-o/dyld.h presence
configure:21558: gcc -E  conftest.c
conftest.c:43: mach-o/dyld.h: No such file or directory
configure:21564: $? = 1
configure: failed program was:
| /* confdefs.h.  */
| 
| #define PACKAGE_NAME "libltdl"
| #define PACKAGE_TARNAME "libltdl"
| #define PACKAGE_VERSION "1.2"
| #define PACKAGE_STRING "libltdl 1.2"
| #define PACKAGE_BUGREPORT "bug-libtool@gnu.org"
| #define STDC_HEADERS 1
| #define HAVE_SYS_TYPES_H 1
| #define HAVE_SYS_STAT_H 1
| #define HAVE_STDLIB_H 1
| #define HAVE_STRING_H 1
| #define HAVE_MEMORY_H 1
| #define HAVE_STRINGS_H 1
| #define HAVE_INTTYPES_H 1
| #define HAVE_STDINT_H 1
| #define HAVE_UNISTD_H 1
| #define HAVE_DLFCN_H 1
| #define HAVE_DIRENT_H 1
| #define LTDL_SHLIB_EXT ".so"
| #define LTDL_SHLIBPATH_VAR "LD_LIBRARY_PATH"
| #define LTDL_SYSSEARCHPATH "/lib:/usr/lib:/lib-aout:/usr/X11R6/lib/Xaw95:/usr/X11R6/lib/Xaw3d:/usr/X11R6/lib:/usr/i486-linux/lib:/usr/i486-linux-libc5/lib=libc5:/usr/i486-linux-libc6/lib=libc6:/usr/i486-linuxaout/lib:/usr/i386-suse-linux/lib:/usr/local/lib:/usr/openwin/lib:/opt/kde/lib:/opt/kde2/lib:/opt/gnome/lib"
| #define LTDL_OBJDIR ".libs/"
| #define HAVE_PRELOADED_SYMBOLS 1
| #define HAVE_LIBDL 1
| #define HAVE_DLERROR 1
| #define HAVE_ARGZ_H 1
| #define HAVE_ERROR_T 1
| #define HAVE_ARGZ_APPEND 1
| #define HAVE_ARGZ_CREATE_SEP 1
| #define HAVE_ARGZ_INSERT 1
| #define HAVE_ARGZ_NEXT 1
| #define HAVE_ARGZ_STRINGIFY 1
| #define HAVE_ASSERT_H 1
| #define HAVE_CTYPE_H 1
| #define HAVE_ERRNO_H 1
| #define HAVE_MALLOC_H 1
| #define HAVE_MEMORY_H 1
| #define HAVE_STDLIB_H 1
| #define HAVE_STDIO_H 1
| #define HAVE_UNISTD_H 1
| /* end confdefs.h.  */
| #include <mach-o/dyld.h>
configure:21584: result: no
configure:21619: checking for mach-o/dyld.h
configure:21626: result: no
configure:21645: checking for string.h
configure:21650: result: yes
configure:21796: checking for strchr
configure:21853: gcc -o conftest -g -O2   conftest.c  >&5
configure:21859: $? = 0
configure:21863: test -z 
			 || test ! -s conftest.err
configure:21866: $? = 0
configure:21869: test -s conftest
configure:21872: $? = 0
configure:21884: result: yes
configure:21899: checking for strrchr
configure:21956: gcc -o conftest -g -O2   conftest.c  >&5
configure:21962: $? = 0
configure:21966: test -z 
			 || test ! -s conftest.err
configure:21969: $? = 0
configure:21972: test -s conftest
configure:21975: $? = 0
configure:21987: result: yes
configure:22002: checking for memcpy
configure:22059: gcc -o conftest -g -O2   conftest.c  >&5
conftest.c:70: warning: conflicting types for built-in function `memcpy'
configure:22065: $? = 0
configure:22069: test -z 
			 || test ! -s conftest.err
configure:22072: $? = 0
configure:22075: test -s conftest
configure:22078: $? = 0
configure:22090: result: yes
configure:22105: checking for memmove
configure:22162: gcc -o conftest -g -O2   conftest.c  >&5
configure:22168: $? = 0
configure:22172: test -z 
			 || test ! -s conftest.err
configure:22175: $? = 0
configure:22178: test -s conftest
configure:22181: $? = 0
configure:22193: result: yes
configure:22105: checking for strcmp
configure:22162: gcc -o conftest -g -O2   conftest.c  >&5
conftest.c:72: warning: conflicting types for built-in function `strcmp'
configure:22168: $? = 0
configure:22172: test -z 
			 || test ! -s conftest.err
configure:22175: $? = 0
configure:22178: test -s conftest
configure:22181: $? = 0
configure:22193: result: yes
configure:22209: checking for closedir
configure:22266: gcc -o conftest -g -O2   conftest.c  >&5
configure:22272: $? = 0
configure:22276: test -z 
			 || test ! -s conftest.err
configure:22279: $? = 0
configure:22282: test -s conftest
configure:22285: $? = 0
configure:22297: result: yes
configure:22209: checking for opendir
configure:22266: gcc -o conftest -g -O2   conftest.c  >&5
configure:22272: $? = 0
configure:22276: test -z 
			 || test ! -s conftest.err
configure:22279: $? = 0
configure:22282: test -s conftest
configure:22285: $? = 0
configure:22297: result: yes
configure:22209: checking for readdir
configure:22266: gcc -o conftest -g -O2   conftest.c  >&5
configure:22272: $? = 0
configure:22276: test -z 
			 || test ! -s conftest.err
configure:22279: $? = 0
configure:22282: test -s conftest
configure:22285: $? = 0
configure:22297: result: yes
configure:22445: creating ./config.status

## ---------------------- ##
## Running config.status. ##
## ---------------------- ##

This file was extended by libltdl config.status 1.2, which was
generated by GNU Autoconf 2.59.  Invocation command line was

  CONFIG_FILES    = 
  CONFIG_HEADERS  = 
  CONFIG_LINKS    = 
  CONFIG_COMMANDS = 
  $ ./config.status 

on patrick

config.status:726: creating Makefile
config.status:830: creating config.h
config.status:1196: executing depfiles commands

## ---------------- ##
## Cache variables. ##
## ---------------- ##

ac_cv_build=i686-pc-linux-gnu
ac_cv_build_alias=i686-pc-linux-gnu
ac_cv_c_compiler_gnu=yes
ac_cv_c_const=yes
ac_cv_c_inline=inline
ac_cv_cxx_compiler_gnu=yes
ac_cv_env_CC_set=
ac_cv_env_CC_value=
ac_cv_env_CFLAGS_set=
ac_cv_env_CFLAGS_value=
ac_cv_env_CPPFLAGS_set=
ac_cv_env_CPPFLAGS_value=
ac_cv_env_CPP_set=
ac_cv_env_CPP_value=
ac_cv_env_CXXCPP_set=
ac_cv_env_CXXCPP_value=
ac_cv_env_CXXFLAGS_set=
ac_cv_env_CXXFLAGS_value=
ac_cv_env_CXX_set=
ac_cv_env_CXX_value=
ac_cv_env_F77_set=
ac_cv_env_F77_value=
ac_cv_env_FFLAGS_set=
ac_cv_env_FFLAGS_value=
ac_cv_env_LDFLAGS_set=
ac_cv_env_LDFLAGS_value=
ac_cv_env_build_alias_set=
ac_cv_env_build_alias_value=
ac_cv_env_host_alias_set=
ac_cv_env_host_alias_value=
ac_cv_env_target_alias_set=
ac_cv_env_target_alias_value=
ac_cv_exeext=
ac_cv_f77_compiler_gnu=no
ac_cv_func_argz_append=yes
ac_cv_func_argz_create_sep=yes
ac_cv_func_argz_insert=yes
ac_cv_func_argz_next=yes
ac_cv_func_argz_stringify=yes
ac_cv_func_closedir=yes
ac_cv_func_dlerror=yes
ac_cv_func_memcpy=yes
ac_cv_func_memmove=yes
ac_cv_func_opendir=yes
ac_cv_func_readdir=yes
ac_cv_func_shl_load=no
ac_cv_func_strchr=yes
ac_cv_func_strcmp=yes
ac_cv_func_strrchr=yes
ac_cv_header_argz_h=yes
ac_cv_header_assert_h=yes
ac_cv_header_ctype_h=yes
ac_cv_header_dirent_dirent_h=yes
ac_cv_header_dl_h=no
ac_cv_header_dld_h=no
ac_cv_header_dlfcn_h=yes
ac_cv_header_errno_h=yes
ac_cv_header_inttypes_h=yes
ac_cv_header_mach_o_dyld_h=no
ac_cv_header_malloc_h=yes
ac_cv_header_memory_h=yes
ac_cv_header_stdc=yes
ac_cv_header_stdint_h=yes
ac_cv_header_stdio_h=yes
ac_cv_header_stdlib_h=yes
ac_cv_header_string_h=yes
ac_cv_header_strings_h=yes
ac_cv_header_sys_dl_h=no
ac_cv_header_sys_stat_h=yes
ac_cv_header_sys_types_h=yes
ac_cv_header_unistd_h=yes
ac_cv_host=i686-pc-linux-gnu
ac_cv_host_alias=i686-pc-linux-gnu
ac_cv_lib_dl_dlopen=yes
ac_cv_lib_dld_shl_load=no
ac_cv_objext=o
ac_cv_path_install='/usr/bin/install -c'
ac_cv_prog_AWK=gawk
ac_cv_prog_CPP='gcc -E'
ac_cv_prog_CXXCPP='g++ -E'
ac_cv_prog_ac_ct_AR=ar
ac_cv_prog_ac_ct_CC=gcc
ac_cv_prog_ac_ct_CXX=g++
ac_cv_prog_ac_ct_RANLIB=ranlib
ac_cv_prog_ac_ct_STRIP=strip
ac_cv_prog_cc_g=yes
ac_cv_prog_cc_stdc=
ac_cv_prog_cxx_g=yes
ac_cv_prog_egrep='grep -E'
ac_cv_prog_f77_g=no
ac_cv_prog_make_make_set=yes
ac_cv_search_opendir='none required'
ac_cv_sys_symbol_underscore=no
ac_cv_type_error_t=yes
am_cv_CC_dependencies_compiler_type=none
am_cv_CXX_dependencies_compiler_type=none
libltdl_cv_lib_dl_dlopen=yes
libltdl_cv_objdir=.libs
libltdl_cv_preloaded_symbols=yes
libltdl_cv_shlibext=.so
libltdl_cv_shlibpath_var=LD_LIBRARY_PATH
libltdl_cv_sys_dlopen_deplibs=yes
libltdl_cv_sys_search_path='/lib /usr/lib /lib-aout /usr/X11R6/lib/Xaw95 /usr/X11R6/lib/Xaw3d /usr/X11R6/lib /usr/i486-linux/lib /usr/i486-linux-libc5/lib=libc5 /usr/i486-linux-libc6/lib=libc6 /usr/i486-linuxaout/lib /usr/i386-suse-linux/lib /usr/local/lib /usr/openwin/lib /opt/kde/lib /opt/kde2/lib /opt/gnome/lib '
lt_cv_deplibs_check_method=pass_all
lt_cv_file_magic_cmd='$MAGIC_CMD'
lt_cv_file_magic_test_file='/lib/libc.so.6 /lib/libc-*.so'
lt_cv_ld_reload_flag=-r
lt_cv_objdir=.libs
lt_cv_path_LD=/usr/i486-suse-linux/bin/ld
lt_cv_path_LDCXX=/usr/i486-suse-linux/bin/ld
lt_cv_path_NM='/usr/bin/nm -B'
lt_cv_path_SED=/usr/bin/sed
lt_cv_prog_compiler_c_o=yes
lt_cv_prog_compiler_c_o_CXX=yes
lt_cv_prog_compiler_rtti_exceptions=yes
lt_cv_prog_gnu_ld=yes
lt_cv_prog_gnu_ldcxx=yes
lt_cv_sys_global_symbol_pipe='sed -n -e '\''s/^.*[ 	]\([ABCDGIRSTW][ABCDGIRSTW]*\)[ 	][ 	]*\(\)\([_A-Za-z][_A-Za-z0-9]*\)$/\1 \2\3 \3/p'\'''
lt_cv_sys_global_symbol_to_c_name_address='sed -n -e '\''s/^: \([^ ]*\) $/  {\"\1\", (lt_ptr) 0},/p'\'' -e '\''s/^[BCDEGRST] \([^ ]*\) \([^ ]*\)$/  {"\2", (lt_ptr) \&\2},/p'\'''
lt_cv_sys_global_symbol_to_cdecl='sed -n -e '\''s/^. .* \(.*\)$/extern int \1;/p'\'''
lt_cv_sys_max_cmd_len=32768
lt_lt_cv_prog_compiler_c_o='"yes"'
lt_lt_cv_prog_compiler_c_o_CXX='"yes"'
lt_lt_cv_sys_global_symbol_pipe='"sed -n -e '\''s/^.*[ 	]\\([ABCDGIRSTW][ABCDGIRSTW]*\\)[ 	][ 	]*\\(\\)\\([_A-Za-z][_A-Za-z0-9]*\\)\$/\\1 \\2\\3 \\3/p'\''"'
lt_lt_cv_sys_global_symbol_to_c_name_address='"sed -n -e '\''s/^: \\([^ ]*\\) \$/  {\\\"\\1\\\", (lt_ptr) 0},/p'\'' -e '\''s/^[BCDEGRST] \\([^ ]*\\) \\([^ ]*\\)\$/  {\"\\2\", (lt_ptr) \\&\\2},/p'\''"'
lt_lt_cv_sys_global_symbol_to_cdecl='"sed -n -e '\''s/^. .* \\(.*\\)\$/extern int \\1;/p'\''"'

## ----------------- ##
## Output variables. ##
## ----------------- ##

ACLOCAL='${SHELL} /home/phuber/Desktop/GLOBES/Distribution/libltdl/missing --run aclocal-1.9'
AMDEPBACKSLASH='\'
AMDEP_FALSE='#'
AMDEP_TRUE=''
AMTAR='${SHELL} /home/phuber/Desktop/GLOBES/Distribution/libltdl/missing --run tar'
AR='ar'
AS='as'
AUTOCONF='${SHELL} /home/phuber/Desktop/GLOBES/Distribution/libltdl/missing --run autoconf'
AUTOHEADER='${SHELL} /home/phuber/Desktop/GLOBES/Distribution/libltdl/missing --run autoheader'
AUTOMAKE='${SHELL} /home/phuber/Desktop/GLOBES/Distribution/libltdl/missing --run automake-1.9'
AWK='gawk'
CC='gcc'
CCDEPMODE='depmode=none'
CFLAGS='-g -O2'
CONVENIENCE_LTDL_FALSE='#'
CONVENIENCE_LTDL_TRUE=''
CPP='gcc -E'
CPPFLAGS=''
CXX='g++'
CXXCPP='g++ -E'
CXXDEPMODE='depmode=none'
CXXFLAGS='-g -O2'
CYGPATH_W='echo'
DEFS='-DHAVE_CONFIG_H'
DEPDIR='.deps'
DLLTOOL='dlltool'
ECHO='echo'
ECHO_C=''
ECHO_N='-n'
ECHO_T=''
EGREP='grep -E'
EXEEXT=''
F77=''
FFLAGS=''
INSTALL_DATA='${INSTALL} -m 644'
INSTALL_LTDL_FALSE=''
INSTALL_LTDL_TRUE='#'
INSTALL_PROGRAM='${INSTALL}'
INSTALL_SCRIPT='${INSTALL}'
INSTALL_STRIP_PROGRAM='${SHELL} $(install_sh) -c -s'
LDFLAGS=''
LIBADD_DL='-ldl'
LIBOBJS=''
LIBS=''
LIBTOOL='$(SHELL) $(top_builddir)/libtool'
LIBTOOL_DEPS='./ltmain.sh'
LN_S='ln -s'
LTLIBOBJS=''
MAKEINFO='${SHELL} /home/phuber/Desktop/GLOBES/Distribution/libltdl/missing --run makeinfo'
OBJDUMP='objdump'
OBJEXT='o'
PACKAGE='libltdl'
PACKAGE_BUGREPORT='bug-libtool@gnu.org'
PACKAGE_NAME='libltdl'
PACKAGE_STRING='libltdl 1.2'
PACKAGE_TARNAME='libltdl'
PACKAGE_VERSION='1.2'
PATH_SEPARATOR=':'
RANLIB='ranlib'
SET_MAKE=''
SHELL='/bin/sh'
STRIP='strip'
VERSION='1.2'
ac_ct_AR='ar'
ac_ct_AS=''
ac_ct_CC='gcc'
ac_ct_CXX='g++'
ac_ct_DLLTOOL=''
ac_ct_F77=''
ac_ct_OBJDUMP=''
ac_ct_RANLIB='ranlib'
ac_ct_STRIP='strip'
am__fastdepCC_FALSE=''
am__fastdepCC_TRUE='#'
am__fastdepCXX_FALSE=''
am__fastdepCXX_TRUE='#'
am__include='include'
am__leading_dot='.'
am__quote=''
am__tar='${AMTAR} chof - "$$tardir"'
am__untar='${AMTAR} xf -'
bindir='${exec_prefix}/bin'
build='i686-pc-linux-gnu'
build_alias=''
build_cpu='i686'
build_os='linux-gnu'
build_vendor='pc'
datadir='${prefix}/share'
exec_prefix='${prefix}'
host='i686-pc-linux-gnu'
host_alias=''
host_cpu='i686'
host_os='linux-gnu'
host_vendor='pc'
includedir='${prefix}/include'
infodir='${prefix}/info'
install_sh='/home/phuber/Desktop/GLOBES/Distribution/libltdl/install-sh'
libdir='${exec_prefix}/lib'
libexecdir='${exec_prefix}/libexec'
localstatedir='${prefix}/var'
mandir='${prefix}/man'
mkdir_p='mkdir -p --'
oldincludedir='/usr/include'
prefix='/usr/local'
program_transform_name='s,x,x,'
sbindir='${exec_prefix}/sbin'
sharedstatedir='${prefix}/com'
sysconfdir='${prefix}/etc'
target_alias=''

## ----------- ##
## confdefs.h. ##
## ----------- ##

#define HAVE_ARGZ_APPEND 1
#define HAVE_ARGZ_CREATE_SEP 1
#define HAVE_ARGZ_H 1
#define HAVE_ARGZ_INSERT 1
#define HAVE_ARGZ_NEXT 1
#define HAVE_ARGZ_STRINGIFY 1
#define HAVE_ASSERT_H 1
#define HAVE_CLOSEDIR 1
#define HAVE_CTYPE_H 1
#define HAVE_DIRENT_H 1
#define HAVE_DLERROR 1
#define HAVE_DLFCN_H 1
#define HAVE_ERRNO_H 1
#define HAVE_ERROR_T 1
#define HAVE_INTTYPES_H 1
#define HAVE_LIBDL 1
#define HAVE_MALLOC_H 1
#define HAVE_MEMCPY 1
#define HAVE_MEMMOVE 1
#define HAVE_MEMORY_H 1
#define HAVE_MEMORY_H 1
#define HAVE_OPENDIR 1
#define HAVE_PRELOADED_SYMBOLS 1
#define HAVE_READDIR 1
#define HAVE_STDINT_H 1
#define HAVE_STDIO_H 1
#define HAVE_STDLIB_H 1
#define HAVE_STDLIB_H 1
#define HAVE_STRCHR 1
#define HAVE_STRCMP 1
#define HAVE_STRINGS_H 1
#define HAVE_STRING_H 1
#define HAVE_STRING_H 1
#define HAVE_STRRCHR 1
#define HAVE_SYS_STAT_H 1
#define HAVE_SYS_TYPES_H 1
#define HAVE_UNISTD_H 1
#define HAVE_UNISTD_H 1
#define LTDL_OBJDIR ".libs/"
#define LTDL_SHLIBPATH_VAR "LD_LIBRARY_PATH"
#define LTDL_SHLIB_EXT ".so"
#define LTDL_SYSSEARCHPATH "/lib:/usr/lib:/lib-aout:/usr/X11R6/lib/Xaw95:/usr/X11R6/lib/Xaw3d:/usr/X11R6/lib:/usr/i486-linux/lib:/usr/i486-linux-libc5/lib=libc5:/usr/i486-linux-libc6/lib=libc6:/usr/i486-linuxaout/lib:/usr/i386-suse-linux/lib:/usr/local/lib:/usr/openwin/lib:/opt/kde/lib:/opt/kde2/lib:/opt/gnome/lib"
#define PACKAGE_BUGREPORT "bug-libtool@gnu.org"
#define PACKAGE_NAME "libltdl"
#define PACKAGE_STRING "libltdl 1.2"
#define PACKAGE_TARNAME "libltdl"
#define PACKAGE_VERSION "1.2"
#define STDC_HEADERS 1

configure: exit 0
